09-10-2024 15:25:12 - Utils.OnFiles.yaml_loader_full - INFO: Loading configuration file: C:\Users\lollo\PycharmProjects\pyFunMQTT\Tests\config.yml
09-10-2024 15:25:12 - Utils.OnFiles.yaml_loader_full - DEBUG: spell checking... 
09-10-2024 15:25:12 - Utils.OnFiles.yaml_loader_full - DEBUG: configuration file is valid
09-10-2024 15:25:12 - Utils.OnFiles.yaml_loader_full - DEBUG: ... end of spell checking
09-10-2024 15:25:12 - Utils.OnFiles.yaml_loader_full - INFO: successfully loaded document 0
09-10-2024 15:25:12 - Utils.OnFiles.yaml_loader_full - DEBUG: spell checking... 
09-10-2024 15:25:12 - Utils.OnFiles.yaml_loader_full - DEBUG: configuration file is valid
09-10-2024 15:25:12 - Utils.OnFiles.yaml_loader_full - DEBUG: ... end of spell checking
09-10-2024 15:25:12 - Utils.OnFiles.yaml_loader_full - INFO: successfully loaded document 1
09-10-2024 15:25:32 - Utils.OnFiles.yaml_loader_full - INFO: Loading configuration file: C:\Users\lollo\PycharmProjects\pyFunMQTT\Tests\config.yml
09-10-2024 15:25:32 - Utils.OnFiles.yaml_loader_full - DEBUG: spell checking... 
09-10-2024 15:25:32 - Utils.OnFiles.yaml_loader_full - DEBUG: configuration file is valid
09-10-2024 15:25:32 - Utils.OnFiles.yaml_loader_full - DEBUG: ... end of spell checking
09-10-2024 15:25:32 - Utils.OnFiles.yaml_loader_full - INFO: successfully loaded document 0
09-10-2024 15:25:32 - Utils.OnFiles.yaml_loader_full - DEBUG: spell checking... 
09-10-2024 15:25:32 - Utils.OnFiles.yaml_loader_full - DEBUG: configuration file is valid
09-10-2024 15:25:32 - Utils.OnFiles.yaml_loader_full - DEBUG: ... end of spell checking
09-10-2024 15:25:32 - Utils.OnFiles.yaml_loader_full - INFO: successfully loaded document 1
09-10-2024 15:25:32 - Utils.OnFiles.configfile_watchdog - WARNING: Changes detected in configuration file. RELOADING SESSION
09-10-2024 15:25:32 - Utils.MQTT.client - INFO: stopping all client workers...
09-10-2024 15:25:32 - Utils.MQTT.client - INFO: quitting has been requested on publishing thread
09-10-2024 15:25:32 - Utils.MQTT.client - INFO: mqtt service stopped
09-10-2024 15:25:32 - Utils.MQTT.client - INFO: stopping all client workers...
09-10-2024 15:25:32 - Utils.MQTT.client - INFO: quitting has been requested on publishing thread
09-10-2024 15:25:32 - Utils.MQTT.client - INFO: mqtt service stopped
09-10-2024 15:25:32 - Utils.MQTT.client - INFO: Starting MQTT client with configuration: {'broker': 'localhost', 'port': 1883, 'inTopic': 'i/1', 'function': ['extractcols'], 'outTopic': ['o/10', 'o/2', 'o/3'], 'retain': False, 'parameters': ['name', 'city', 'age'], 'format': 'json'}
09-10-2024 15:25:34 - Utils.MQTT.client - INFO: Starting MQTT client with configuration: {'broker': 'localhost', 'port': 1883, 'inTopic': 'i/2', 'function': ['splittable'], 'outTopic': 'output/topic', 'retain': True, 'parameters': 'ciao', 'format': 'csv'}
09-10-2024 15:25:34 - Utils.MQTT.client - INFO: Connected with result code Success
09-10-2024 15:25:36 - Utils.MQTT.client - INFO: Connected with result code Success
09-10-2024 15:25:36 - Worker.core - DEBUG: clients list: [<Utils.MQTT.client.MQTTClient object at 0x000001F99F54F5F0>, <Utils.MQTT.client.MQTTClient object at 0x000001F99FCABB30>]
09-10-2024 15:25:56 - Utils.OnFiles.yaml_loader_full - INFO: Loading configuration file: C:\Users\lollo\PycharmProjects\pyFunMQTT\Tests\config.yml
09-10-2024 15:25:56 - Utils.OnFiles.yaml_loader_full - DEBUG: spell checking... 
09-10-2024 15:25:56 - Utils.OnFiles.yaml_loader_full - DEBUG: configuration file is valid
09-10-2024 15:25:56 - Utils.OnFiles.yaml_loader_full - DEBUG: ... end of spell checking
09-10-2024 15:25:56 - Utils.OnFiles.yaml_loader_full - INFO: successfully loaded document 0
09-10-2024 15:25:56 - Utils.OnFiles.yaml_loader_full - DEBUG: spell checking... 
09-10-2024 15:25:56 - Utils.OnFiles.yaml_loader_full - DEBUG: configuration file is valid
09-10-2024 15:25:56 - Utils.OnFiles.yaml_loader_full - DEBUG: ... end of spell checking
09-10-2024 15:25:56 - Utils.OnFiles.yaml_loader_full - INFO: successfully loaded document 1
09-10-2024 15:25:56 - Utils.OnFiles.configfile_watchdog - WARNING: Changes detected in configuration file. RELOADING SESSION
09-10-2024 15:25:56 - Utils.MQTT.client - INFO: stopping all client workers...
09-10-2024 15:25:56 - Utils.MQTT.client - INFO: quitting has been requested on publishing thread
09-10-2024 15:25:56 - Utils.MQTT.client - INFO: mqtt service stopped
09-10-2024 15:25:56 - Utils.MQTT.client - INFO: stopping all client workers...
09-10-2024 15:25:56 - Utils.MQTT.client - INFO: quitting has been requested on publishing thread
09-10-2024 15:25:56 - Utils.MQTT.client - INFO: mqtt service stopped
09-10-2024 15:25:56 - Utils.MQTT.client - INFO: Starting MQTT client with configuration: {'broker': 'localhost', 'port': 1883, 'inTopic': 'i/1', 'function': ['extractcols'], 'outTopic': ['o/1', 'o/2', 'o/3'], 'retain': False, 'parameters': ['name', 'city', 'age'], 'format': 'json'}
09-10-2024 15:25:58 - Utils.MQTT.client - INFO: Starting MQTT client with configuration: {'broker': 'localhost', 'port': 1883, 'inTopic': 'i/2', 'function': ['splittable'], 'outTopic': 'output/topic', 'retain': True, 'parameters': 'ciao', 'format': 'csv'}
09-10-2024 15:25:58 - Utils.MQTT.client - INFO: Connected with result code Success
09-10-2024 15:26:00 - Utils.MQTT.client - INFO: Connected with result code Success
09-10-2024 15:26:00 - Worker.core - DEBUG: clients list: [<Utils.MQTT.client.MQTTClient object at 0x000001F99FCABE90>, <Utils.MQTT.client.MQTTClient object at 0x000001F99FCE4AA0>]
